<?xml version="1.0" encoding="UTF-8"?>
<!-- Generated by org.testng.reporters.JUnitReportReporter -->
<testsuite hostname="PTD23416" name="com.pack.base.mailOperations" tests="3" failures="0" timestamp="4 Feb 2016 12:46:55 GMT" time="14.256" errors="0">
  <testcase name="composeMail" time="7.839" classname="com.pack.base.mailOperations"/>
  <testcase name="checkSearch" time="2.780" classname="com.pack.base.mailOperations"/>
  <testcase name="getUrlDetails" time="3.637" classname="com.pack.base.mailOperations"/>
</testsuite> <!-- com.pack.base.mailOperations -->
