<?xml version="1.0" encoding="UTF-8"?>
<!-- Generated by org.testng.reporters.JUnitReportReporter -->
<testsuite hostname="PTD23416" name="com.pack.base.testsample" tests="1" failures="0" timestamp="17 Nov 2015 10:37:47 GMT" time="5.010" errors="0">
  <testcase name="testhome" time="5.010" classname="com.pack.base.testsample"/>
</testsuite> <!-- com.pack.base.testsample -->
