<?xml version="1.0" encoding="UTF-8"?>
<!-- Generated by org.testng.reporters.JUnitReportReporter -->
<testsuite hostname="PTD23416" name="com.pack.base.testcasesample" tests="1" failures="0" timestamp="18 Nov 2015 04:23:38 GMT" time="0.081" errors="0">
  <testcase name="Testcase1" time="0.081" classname="com.pack.base.testcasesample"/>
</testsuite> <!-- com.pack.base.testcasesample -->
