<?xml version="1.0" encoding="UTF-8"?>
<!-- Generated by org.testng.reporters.JUnitReportReporter -->
<testsuite hostname="PS8967-1" name="com.pack.base.firsttest" tests="2" failures="0" timestamp="1 Apr 2016 08:21:45 GMT" time="5.285" errors="0">
  <testcase name="test1" time="2.387" classname="com.pack.base.firsttest"/>
  <testcase name="test2" time="2.898" classname="com.pack.base.firsttest"/>
</testsuite> <!-- com.pack.base.firsttest -->
